<?xml version="1.0" encoding="UTF-8"?>
<!-- Generated by org.testng.reporters.JUnitReportReporter -->
<testsuite name="com.hybridFramework.homepage.TestDataDriverScript" tests="7" time="0.020" ignored="0" failures="0" timestamp="18 Sep 2017 14:27:26 GMT" skipped="0" hostname="BDC6-DX-9WZ1T72" errors="0">
  <testcase name="testLogin" time="0.002" classname="com.hybridFramework.homepage.TestDataDriverScript"/>
  <testcase name="testLogin" time="0.005" classname="com.hybridFramework.homepage.TestDataDriverScript"/>
  <testcase name="testLogin" time="0.002" classname="com.hybridFramework.homepage.TestDataDriverScript"/>
  <testcase name="testLogin" time="0.002" classname="com.hybridFramework.homepage.TestDataDriverScript"/>
  <testcase name="testLogin" time="0.003" classname="com.hybridFramework.homepage.TestDataDriverScript"/>
  <testcase name="testLogin" time="0.002" classname="com.hybridFramework.homepage.TestDataDriverScript"/>
  <testcase name="testLogin" time="0.004" classname="com.hybridFramework.homepage.TestDataDriverScript"/>
</testsuite> <!-- com.hybridFramework.homepage.TestDataDriverScript -->
