<?xml version="1.0" encoding="UTF-8"?>
<!-- Generated by org.testng.reporters.JUnitReportReporter -->
<testsuite name="com.hybridFramework.homepage.TestDaataDrivenScript1" tests="3" time="0.016" ignored="0" failures="0" timestamp="18 Sep 2017 14:27:26 GMT" skipped="0" hostname="BDC6-DX-9WZ1T72" errors="0">
  <testcase name="testLogin" time="0.010" classname="com.hybridFramework.homepage.TestDaataDrivenScript1"/>
  <testcase name="testLogin" time="0.005" classname="com.hybridFramework.homepage.TestDaataDrivenScript1"/>
  <testcase name="testLogin" time="0.001" classname="com.hybridFramework.homepage.TestDaataDrivenScript1"/>
</testsuite> <!-- com.hybridFramework.homepage.TestDaataDrivenScript1 -->
